Arguments: 
  /home/linuxbrew/.linuxbrew/Cellar/node/9.2.1/bin/node /home/linuxbrew/.linuxbrew/bin/yarn test

PATH: 
  /home/alangmahendra/google-cloud-sdk/bin:/home/linuxbrew/.linuxbrew/bin:/home/linuxbrew/.linuxbrew/bin:/home/linuxbrew/.linuxbrew/bin:/home/linuxbrew/.linuxbrew/bin:/home/alangmahendra/bin:/home/alangmahendra/.local/bin:/usr/local/sbin:/usr/local/bin:/usr/sbin:/usr/bin:/sbin:/bin:/usr/games:/usr/local/games:/snap/bin:/usr/lib/jvm/java-8-oracle/bin:/usr/lib/jvm/java-8-oracle/db/bin:/usr/lib/jvm/java-8-oracle/jre/bin

Yarn version: 
  1.5.1

Node version: 
  9.2.1

Platform: 
  linux x64

npm manifest: 
  {
    "name": "server",
    "version": "0.0.0",
    "private": true,
    "scripts": {
      "start": "node ./bin/www",
      "dev": "nodemon ./bin/www",
      "test": "mocha"
    },
    "dependencies": {
      "bcrypt": "^1.0.3",
      "body-parser": "~1.18.2",
      "chai": "^4.1.2",
      "chai-http": "^3.0.0",
      "config": "^1.30.0",
      "cors": "^2.8.4",
      "debug": "~2.6.9",
      "dotenv": "^5.0.1",
      "express": "~4.15.5",
      "jsonwebtoken": "^8.2.0",
      "mocha": "^5.0.4",
      "mongoose": "^5.0.11",
      "morgan": "~1.9.0",
      "serve-favicon": "~2.4.5"
    }
  }

yarn manifest: 
  No manifest

Lockfile: 
  No lockfile

Trace: 
  Error: Command failed.
  Exit code: 1
  Command: sh
  Arguments: -c mocha
  Directory: /home/alangmahendra/Desktop/hacktiv8/pase3/learn by doing/VighteR-server-myfork
  Output:
  
      at ProcessTermError.MessageError (/home/linuxbrew/.linuxbrew/lib/node_modules/yarn/lib/cli.js:186:110)
      at new ProcessTermError (/home/linuxbrew/.linuxbrew/lib/node_modules/yarn/lib/cli.js:226:113)
      at ChildProcess.<anonymous> (/home/linuxbrew/.linuxbrew/lib/node_modules/yarn/lib/cli.js:30281:17)
      at ChildProcess.emit (events.js:159:13)
      at maybeClose (internal/child_process.js:943:16)
      at Process.ChildProcess._handle.onexit (internal/child_process.js:220:5)
